<?xml version="1.0" encoding="UTF-8"?>
<testsuite name="kosten.inventory.handler.InventoryItemRequestHandlerTest" tests="1" skipped="0" failures="0" errors="0" timestamp="2019-02-10T18:55:45" hostname="mbp-rkosten" time="0.279">
  <properties/>
  <testcase name="handleRequest" classname="kosten.inventory.handler.InventoryItemRequestHandlerTest" time="0.279"/>
  <system-out><![CDATA[]]></system-out>
  <system-err><![CDATA[[Test worker] INFO kosten.inventory.handler.InventoryItemRequestHandler - Retrieving inventory item for ID: 1
]]></system-err>
</testsuite>
