<?xml version="1.0" encoding="UTF-8"?>
<testsuite name="kosten.inventory.service.InventoryServiceImplTest" tests="1" skipped="0" failures="0" errors="0" timestamp="2019-02-10T18:55:46" hostname="mbp-rkosten" time="0.0">
  <properties/>
  <testcase name="getInventoryItemsById" classname="kosten.inventory.service.InventoryServiceImplTest" time="0.0"/>
  <system-out><![CDATA[]]></system-out>
  <system-err><![CDATA[[Test worker] INFO kosten.inventory.service.InventoryServiceImpl - Converting inventory item to dto for ID: 1
]]></system-err>
</testsuite>
