<?xml version="1.0" encoding="UTF-8"?>
<testsuite name="kosten.inventory.repository.InventoryRepositoryTest" tests="1" skipped="0" failures="0" errors="0" timestamp="2019-02-10T18:55:46" hostname="mbp-rkosten" time="0.178">
  <properties/>
  <testcase name="retrieveItemById" classname="kosten.inventory.repository.InventoryRepositoryTest" time="0.178"/>
  <system-out><![CDATA[]]></system-out>
  <system-err><![CDATA[[Test worker] INFO com.zaxxer.hikari.HikariDataSource - HikariPool-1 - Starting...
[Test worker] INFO com.zaxxer.hikari.HikariDataSource - HikariPool-1 - Start completed.
[Test worker] INFO kosten.inventory.repository.InventoryRepository - Retrieved record for inventory item ID: 1
]]></system-err>
</testsuite>
